# JRE version: Java(TM) SE Runtime Environment (8.0_171-b11) (build 1.8.0_171-b11)
# Java VM: Java HotSpot(TM) 64-Bit Server VM (25.171-b11 mixed mode windows-amd64 compressed oops)
Heap:
 PSYoungGen      total 18432K, used 2708K [0x00000000eb780000, 0x00000000ecc00000, 0x0000000100000000)
  eden space 15872K, 17% used [0x00000000eb780000,0x00000000eba25370,0x00000000ec700000)
  from space 2560K, 0% used [0x00000000ec980000,0x00000000ec980000,0x00000000ecc00000)
  to   space 2560K, 0% used [0x00000000ec700000,0x00000000ec700000,0x00000000ec980000)
 ParOldGen       total 42496K, used 10292K [0x00000000c2600000, 0x00000000c4f80000, 0x00000000eb780000)
  object space 42496K, 24% used [0x00000000c2600000,0x00000000c300d018,0x00000000c4f80000)
 Metaspace       used 9721K, capacity 9916K, committed 9984K, reserved 1058816K
  class space    used 1167K, capacity 1253K, committed 1280K, reserved 1048576K
GC Heap History (6 events):
Event: 1.597 GC heap before
{Heap before GC invocations=1 (full 0):
 PSYoungGen      total 18432K, used 9186K [0x00000000eb780000, 0x00000000ecc00000, 0x0000000100000000)
  eden space 15872K, 57% used [0x00000000eb780000,0x00000000ec078890,0x00000000ec700000)
  from space 2560K, 0% used [0x00000000ec980000,0x00000000ec980000,0x00000000ecc00000)
  to   space 2560K, 0% used [0x00000000ec700000,0x00000000ec700000,0x00000000ec980000)
 ParOldGen       total 42496K, used 0K [0x00000000c2600000, 0x00000000c4f80000, 0x00000000eb780000)
  object space 42496K, 0% used [0x00000000c2600000,0x00000000c2600000,0x00000000c4f80000)
 Metaspace       used 9129K, capacity 9340K, committed 9472K, reserved 1056768K
  class space    used 1114K, capacity 1189K, committed 1280K, reserved 1048576K
Event: 1.602 GC heap after
Heap after GC invocations=1 (full 0):
 PSYoungGen      total 18432K, used 1456K [0x00000000eb780000, 0x00000000ecc00000, 0x0000000100000000)
  eden space 15872K, 0% used [0x00000000eb780000,0x00000000eb780000,0x00000000ec700000)
  from space 2560K, 56% used [0x00000000ec700000,0x00000000ec86c010,0x00000000ec980000)
  to   space 2560K, 0% used [0x00000000ec980000,0x00000000ec980000,0x00000000ecc00000)
 ParOldGen       total 42496K, used 8K [0x00000000c2600000, 0x00000000c4f80000, 0x00000000eb780000)
  object space 42496K, 0% used [0x00000000c2600000,0x00000000c2602000,0x00000000c4f80000)
 Metaspace       used 9129K, capacity 9340K, committed 9472K, reserved 1056768K
  class space    used 1114K, capacity 1189K, committed 1280K, reserved 1048576K
}
Event: 2.453 GC heap before
{Heap before GC invocations=2 (full 0):
 PSYoungGen      total 18432K, used 17328K [0x00000000eb780000, 0x00000000ecc00000, 0x0000000100000000)
  eden space 15872K, 100% used [0x00000000eb780000,0x00000000ec700000,0x00000000ec700000)
  from space 2560K, 56% used [0x00000000ec700000,0x00000000ec86c010,0x00000000ec980000)
  to   space 2560K, 0% used [0x00000000ec980000,0x00000000ec980000,0x00000000ecc00000)
 ParOldGen       total 42496K, used 8K [0x00000000c2600000, 0x00000000c4f80000, 0x00000000eb780000)
  object space 42496K, 0% used [0x00000000c2600000,0x00000000c2602000,0x00000000c4f80000)
 Metaspace       used 9721K, capacity 9916K, committed 9984K, reserved 1058816K
  class space    used 1167K, capacity 1253K, committed 1280K, reserved 1048576K
Event: 2.473 GC heap after
Heap after GC invocations=2 (full 0):
 PSYoungGen      total 18432K, used 2496K [0x00000000eb780000, 0x00000000ecc00000, 0x0000000100000000)
  eden space 15872K, 0% used [0x00000000eb780000,0x00000000eb780000,0x00000000ec700000)
  from space 2560K, 97% used [0x00000000ec980000,0x00000000ecbf0000,0x00000000ecc00000)
  to   space 2560K, 0% used [0x00000000ec700000,0x00000000ec700000,0x00000000ec980000)
 ParOldGen       total 42496K, used 23641K [0x00000000c2600000, 0x00000000c4f80000, 0x00000000eb780000)
  object space 42496K, 55% used [0x00000000c2600000,0x00000000c3d16430,0x00000000c4f80000)
 Metaspace       used 9721K, capacity 9916K, committed 9984K, reserved 1058816K
  class space    used 1167K, capacity 1253K, committed 1280K, reserved 1048576K
}
Event: 2.473 GC heap before
{Heap before GC invocations=3 (full 1):
 PSYoungGen      total 18432K, used 2496K [0x00000000eb780000, 0x00000000ecc00000, 0x0000000100000000)
  eden space 15872K, 0% used [0x00000000eb780000,0x00000000eb780000,0x00000000ec700000)
  from space 2560K, 97% used [0x00000000ec980000,0x00000000ecbf0000,0x00000000ecc00000)
  to   space 2560K, 0% used [0x00000000ec700000,0x00000000ec700000,0x00000000ec980000)
 ParOldGen       total 42496K, used 23641K [0x00000000c2600000, 0x00000000c4f80000, 0x00000000eb780000)
  object space 42496K, 55% used [0x00000000c2600000,0x00000000c3d16430,0x00000000c4f80000)
 Metaspace       used 9721K, capacity 9916K, committed 9984K, reserved 1058816K
  class space    used 1167K, capacity 1253K, committed 1280K, reserved 1048576K
Event: 2.538 GC heap after
Heap after GC invocations=3 (full 1):
 PSYoungGen      total 18432K, used 0K [0x00000000eb780000, 0x00000000ecc00000, 0x0000000100000000)
  eden space 15872K, 0% used [0x00000000eb780000,0x00000000eb780000,0x00000000ec700000)
  from space 2560K, 0% used [0x00000000ec980000,0x00000000ec980000,0x00000000ecc00000)
  to   space 2560K, 0% used [0x00000000ec700000,0x00000000ec700000,0x00000000ec980000)
 ParOldGen       total 42496K, used 10292K [0x00000000c2600000, 0x00000000c4f80000, 0x00000000eb780000)
  object space 42496K, 24% used [0x00000000c2600000,0x00000000c300d018,0x00000000c4f80000)
 Metaspace       used 9721K, capacity 9916K, committed 9984K, reserved 1058816K
  class space    used 1167K, capacity 1253K, committed 1280K, reserved 1048576K
}

